<?xml version="1.0" encoding="UTF-8" ?>
<testsuite tests="4" failures="0" name="AverageOfPositiveNumbersTest" time="0.601" errors="0" skipped="0">
  <properties>
[...]
</properties>
  <testcase classname="AverageOfPositiveNumbersTest" name="test1" time="0.185"/>
  <testcase classname="AverageOfPositiveNumbersTest" name="test2" time="0.138"/>
  <testcase classname="AverageOfPositiveNumbersTest" name="test3" time="0.122"/>
  <testcase classname="AverageOfPositiveNumbersTest" name="test4" time="0.156"/>
</testsuite>