<?xml version="1.0" encoding="UTF-8"?>
<testsuite xmlns:xsi="http://www.w3.org/2001/XMLSchema-instance" xsi:noNamespaceSchemaLocation="https://maven.apache.org/surefire/maven-surefire-plugin/xsd/surefire-test-report.xsd" name="UniqueLastNamesTest" time="0.217" tests="3" errors="0" skipped="0" failures="0">
  <properties>
[...]
</properties>
  <testcase name="twoPersons" classname="UniqueLastNamesTest" time="0.013"/>
  <testcase name="printedNamesAreUnique" classname="UniqueLastNamesTest" time="0"/>
  <testcase name="threePersons" classname="UniqueLastNamesTest" time="0.001"/>
</testsuite>